2026-04-28 15:27:53.560 +01:00 [INF] Executed DbCommand (387ms) [Parameters=[], CommandType='"Text"', CommandTimeout='30']
SELECT 1
2026-04-28 15:27:54.091 +01:00 [INF] Executed DbCommand (343ms) [Parameters=[], CommandType='"Text"', CommandTimeout='30']
SELECT OBJECT_ID(N'[__EFMigrationsHistory]');
2026-04-28 15:27:54.461 +01:00 [INF] Executed DbCommand (309ms) [Parameters=[], CommandType='"Text"', CommandTimeout='30']
SELECT 1
2026-04-28 15:27:54.981 +01:00 [INF] Executed DbCommand (451ms) [Parameters=[], CommandType='"Text"', CommandTimeout='30']
SELECT OBJECT_ID(N'[__EFMigrationsHistory]');
2026-04-28 15:27:55.408 +01:00 [INF] Executed DbCommand (326ms) [Parameters=[], CommandType='"Text"', CommandTimeout='30']
SELECT [MigrationId], [ProductVersion]
FROM [__EFMigrationsHistory]
ORDER BY [MigrationId];
2026-04-28 15:27:56.118 +01:00 [INF] User profile is available. Using 'C:\Users\Dell\AppData\Local\ASP.NET\DataProtection-Keys' as key repository and Windows DPAPI to encrypt keys at rest.
2026-04-28 15:27:56.485 +01:00 [ERR] Hosting failed to start
System.IO.IOException: Failed to bind to address http://127.0.0.1:5207: address already in use.
 ---> Microsoft.AspNetCore.Connections.AddressInUseException: Only one usage of each socket address (protocol/network address/port) is normally permitted.
 ---> System.Net.Sockets.SocketException (10048): Only one usage of each socket address (protocol/network address/port) is normally permitted.
   at System.Net.Sockets.Socket.UpdateStatusAfterSocketErrorAndThrowException(SocketError error, Boolean disconnectOnFailure, String callerName)
   at System.Net.Sockets.Socket.DoBind(EndPoint endPointSnapshot, SocketAddress socketAddress)
   at System.Net.Sockets.Socket.Bind(EndPoint localEP)
   at Microsoft.AspNetCore.Server.Kestrel.Transport.Sockets.SocketTransportOptions.CreateDefaultBoundListenSocket(EndPoint endpoint)
   at Microsoft.AspNetCore.Server.Kestrel.Transport.Sockets.SocketConnectionListener.Bind()
   --- End of inner exception stack trace ---
   at Microsoft.AspNetCore.Server.Kestrel.Transport.Sockets.SocketConnectionListener.Bind()
   at Microsoft.AspNetCore.Server.Kestrel.Transport.Sockets.SocketTransportFactory.BindAsync(EndPoint endpoint, CancellationToken cancellationToken)
   at Microsoft.AspNetCore.Server.Kestrel.Core.Internal.Infrastructure.TransportManager.BindAsync(EndPoint endPoint, ConnectionDelegate connectionDelegate, EndpointConfig endpointConfig, CancellationToken cancellationToken)
   at Microsoft.AspNetCore.Server.Kestrel.Core.KestrelServerImpl.<>c__DisplayClass28_0`1.<<StartAsync>g__OnBind|0>d.MoveNext()
--- End of stack trace from previous location ---
   at Microsoft.AspNetCore.Server.Kestrel.Core.Internal.AddressBinder.BindEndpointAsync(ListenOptions endpoint, AddressBindContext context, CancellationToken cancellationToken)
   --- End of inner exception stack trace ---
   at Microsoft.AspNetCore.Server.Kestrel.Core.Internal.AddressBinder.BindEndpointAsync(ListenOptions endpoint, AddressBindContext context, CancellationToken cancellationToken)
   at Microsoft.AspNetCore.Server.Kestrel.Core.LocalhostListenOptions.BindAsync(AddressBindContext context, CancellationToken cancellationToken)
   at Microsoft.AspNetCore.Server.Kestrel.Core.Internal.AddressBinder.AddressesStrategy.BindAsync(AddressBindContext context, CancellationToken cancellationToken)
   at Microsoft.AspNetCore.Server.Kestrel.Core.Internal.AddressBinder.BindAsync(ListenOptions[] listenOptions, AddressBindContext context, Func`2 useHttps, CancellationToken cancellationToken)
   at Microsoft.AspNetCore.Server.Kestrel.Core.KestrelServerImpl.BindAsync(CancellationToken cancellationToken)
   at Microsoft.AspNetCore.Server.Kestrel.Core.KestrelServerImpl.StartAsync[TContext](IHttpApplication`1 application, CancellationToken cancellationToken)
   at Microsoft.AspNetCore.Hosting.GenericWebHostService.StartAsync(CancellationToken cancellationToken)
   at Microsoft.Extensions.Hosting.Internal.Host.<StartAsync>b__15_1(IHostedService service, CancellationToken token)
   at Microsoft.Extensions.Hosting.Internal.Host.ForeachService[T](IEnumerable`1 services, CancellationToken token, Boolean concurrent, Boolean abortOnFirstException, List`1 exceptions, Func`3 operation)
2026-04-28 15:27:56.531 +01:00 [FTL] ShopFresherz API failed to start.
System.IO.IOException: Failed to bind to address http://127.0.0.1:5207: address already in use.
 ---> Microsoft.AspNetCore.Connections.AddressInUseException: Only one usage of each socket address (protocol/network address/port) is normally permitted.
 ---> System.Net.Sockets.SocketException (10048): Only one usage of each socket address (protocol/network address/port) is normally permitted.
   at System.Net.Sockets.Socket.UpdateStatusAfterSocketErrorAndThrowException(SocketError error, Boolean disconnectOnFailure, String callerName)
   at System.Net.Sockets.Socket.DoBind(EndPoint endPointSnapshot, SocketAddress socketAddress)
   at System.Net.Sockets.Socket.Bind(EndPoint localEP)
   at Microsoft.AspNetCore.Server.Kestrel.Transport.Sockets.SocketTransportOptions.CreateDefaultBoundListenSocket(EndPoint endpoint)
   at Microsoft.AspNetCore.Server.Kestrel.Transport.Sockets.SocketConnectionListener.Bind()
   --- End of inner exception stack trace ---
   at Microsoft.AspNetCore.Server.Kestrel.Transport.Sockets.SocketConnectionListener.Bind()
   at Microsoft.AspNetCore.Server.Kestrel.Transport.Sockets.SocketTransportFactory.BindAsync(EndPoint endpoint, CancellationToken cancellationToken)
   at Microsoft.AspNetCore.Server.Kestrel.Core.Internal.Infrastructure.TransportManager.BindAsync(EndPoint endPoint, ConnectionDelegate connectionDelegate, EndpointConfig endpointConfig, CancellationToken cancellationToken)
   at Microsoft.AspNetCore.Server.Kestrel.Core.KestrelServerImpl.<>c__DisplayClass28_0`1.<<StartAsync>g__OnBind|0>d.MoveNext()
--- End of stack trace from previous location ---
   at Microsoft.AspNetCore.Server.Kestrel.Core.Internal.AddressBinder.BindEndpointAsync(ListenOptions endpoint, AddressBindContext context, CancellationToken cancellationToken)
   --- End of inner exception stack trace ---
   at Microsoft.AspNetCore.Server.Kestrel.Core.Internal.AddressBinder.BindEndpointAsync(ListenOptions endpoint, AddressBindContext context, CancellationToken cancellationToken)
   at Microsoft.AspNetCore.Server.Kestrel.Core.LocalhostListenOptions.BindAsync(AddressBindContext context, CancellationToken cancellationToken)
   at Microsoft.AspNetCore.Server.Kestrel.Core.Internal.AddressBinder.AddressesStrategy.BindAsync(AddressBindContext context, CancellationToken cancellationToken)
   at Microsoft.AspNetCore.Server.Kestrel.Core.Internal.AddressBinder.BindAsync(ListenOptions[] listenOptions, AddressBindContext context, Func`2 useHttps, CancellationToken cancellationToken)
   at Microsoft.AspNetCore.Server.Kestrel.Core.KestrelServerImpl.BindAsync(CancellationToken cancellationToken)
   at Microsoft.AspNetCore.Server.Kestrel.Core.KestrelServerImpl.StartAsync[TContext](IHttpApplication`1 application, CancellationToken cancellationToken)
   at Microsoft.AspNetCore.Hosting.GenericWebHostService.StartAsync(CancellationToken cancellationToken)
   at Microsoft.Extensions.Hosting.Internal.Host.<StartAsync>b__15_1(IHostedService service, CancellationToken token)
   at Microsoft.Extensions.Hosting.Internal.Host.ForeachService[T](IEnumerable`1 services, CancellationToken token, Boolean concurrent, Boolean abortOnFirstException, List`1 exceptions, Func`3 operation)
   at Microsoft.Extensions.Hosting.Internal.Host.StartAsync(CancellationToken cancellationToken)
   at Microsoft.Extensions.Hosting.HostingAbstractionsHostExtensions.RunAsync(IHost host, CancellationToken token)
   at Microsoft.Extensions.Hosting.HostingAbstractionsHostExtensions.RunAsync(IHost host, CancellationToken token)
   at Program.<Main>$(String[] args) in C:\Users\Dell\Desktop\Shopfreshers\ShopFresherz.API\Program.cs:line 175
2026-04-28 16:01:25.656 +01:00 [INF] Executed DbCommand (401ms) [Parameters=[], CommandType='"Text"', CommandTimeout='30']
SELECT 1
2026-04-28 16:01:26.255 +01:00 [INF] Executed DbCommand (387ms) [Parameters=[], CommandType='"Text"', CommandTimeout='30']
SELECT OBJECT_ID(N'[__EFMigrationsHistory]');
2026-04-28 16:01:26.806 +01:00 [INF] Executed DbCommand (539ms) [Parameters=[], CommandType='"Text"', CommandTimeout='30']
SELECT 1
2026-04-28 16:01:27.153 +01:00 [INF] Executed DbCommand (343ms) [Parameters=[], CommandType='"Text"', CommandTimeout='30']
SELECT OBJECT_ID(N'[__EFMigrationsHistory]');
2026-04-28 16:01:27.706 +01:00 [INF] Executed DbCommand (451ms) [Parameters=[], CommandType='"Text"', CommandTimeout='30']
SELECT [MigrationId], [ProductVersion]
FROM [__EFMigrationsHistory]
ORDER BY [MigrationId];
2026-04-28 16:01:28.437 +01:00 [INF] User profile is available. Using 'C:\Users\Dell\AppData\Local\ASP.NET\DataProtection-Keys' as key repository and Windows DPAPI to encrypt keys at rest.
2026-04-28 16:01:28.929 +01:00 [INF] Now listening on: http://localhost:5207
2026-04-28 16:01:28.938 +01:00 [INF] Application started. Press Ctrl+C to shut down.
2026-04-28 16:01:28.941 +01:00 [INF] Hosting environment: Development
2026-04-28 16:01:28.942 +01:00 [INF] Content root path: C:\Users\Dell\Desktop\Shopfreshers\ShopFresherz.API
2026-04-28 16:02:11.049 +01:00 [INF] Request starting HTTP/1.1 GET http://localhost:5207/swagger/v1/swagger.json - null null
2026-04-28 16:02:12.620 +01:00 [INF] HTTP GET /swagger/v1/swagger.json responded 200 in 1146.1618 ms
2026-04-28 16:02:12.637 +01:00 [INF] Request finished HTTP/1.1 GET http://localhost:5207/swagger/v1/swagger.json - 200 null application/json;charset=utf-8 1605.9321ms
2026-04-28 16:02:27.709 +01:00 [INF] Request starting HTTP/1.1 GET http://localhost:5207/swagger/v1/swagger.json - null null
2026-04-28 16:02:27.969 +01:00 [INF] HTTP GET /swagger/v1/swagger.json responded 200 in 256.8113 ms
2026-04-28 16:02:27.971 +01:00 [INF] Request finished HTTP/1.1 GET http://localhost:5207/swagger/v1/swagger.json - 200 null application/json;charset=utf-8 261.8553ms
2026-04-28 16:05:38.865 +01:00 [INF] Request starting HTTP/1.1 GET http://localhost:5207/swagger/index.html - null null
2026-04-28 16:05:40.125 +01:00 [INF] HTTP GET /swagger/index.html responded 200 in 1202.3906 ms
2026-04-28 16:05:40.182 +01:00 [INF] Request finished HTTP/1.1 GET http://localhost:5207/swagger/index.html - 200 null text/html;charset=utf-8 1326.8539ms
2026-04-28 16:05:40.497 +01:00 [INF] Request starting HTTP/1.1 GET http://localhost:5207/swagger/index.js - null null
2026-04-28 16:05:40.500 +01:00 [INF] HTTP GET /swagger/index.js responded 200 in 2.0722 ms
2026-04-28 16:05:40.502 +01:00 [INF] Request finished HTTP/1.1 GET http://localhost:5207/swagger/index.js - 200 null application/javascript;charset=utf-8 4.9315ms
2026-04-28 16:05:43.185 +01:00 [INF] Request starting HTTP/1.1 GET http://localhost:5207/swagger/v1/swagger.json - null null
2026-04-28 16:05:45.367 +01:00 [INF] HTTP GET /swagger/v1/swagger.json responded 200 in 2097.4102 ms
2026-04-28 16:05:45.394 +01:00 [INF] Request finished HTTP/1.1 GET http://localhost:5207/swagger/v1/swagger.json - 200 null application/json;charset=utf-8 2208.3365ms
